O76840 1.1e-19 1
P10646 4e-22 1
P83606 8.2e-21 1
P48307 5.4e-21 1
Q8WPI3 5.8e-26 1
W4VSH9 2.2e-23 1
O43291 1.5e-21 1
P04365 5.4e-20 1
Q08E66 4.2e-23 1
P62757 3.7e-18 1
P00975 1.1e-33 1
Q60559 4.3e-18 1
Q07456 4.3e-17 1
Q62577 2.7e-17 1
P83609 1.3e-17 1
Q64240 1.2e-16 1
Q8TEU8 4.9e-21 1
P00981 6.5e-30 1
P00979 4.1e-28 1
P00986 7e-28 1
P0DMJ6 1.4e-27 1
Q90W99 1.6e-27 1
C0HK72 1.8e-27 1
C1IC50 3.8e-27 1
B7S4N9 4.5e-27 1
P00984 6.7e-27 1
Q7LZE3 6.7e-27 1
B5L5R7 1e-26 1
P0DN09 1.5e-26 1
Q9TWG0 1.3e-26 1
C0HK74 1.4e-26 1
B5KF95 1.8e-26 1
B5KL36 1.8e-26 1
B5KF96 2.4e-26 1
P86862 2.6e-26 1
Q6ITB1 3.7e-26 1
P0DN06 4.2e-26 1
Q2ES46 6.1e-26 1
B5G6G6 6e-26 1
Q6ITB5 8e-26 1
Q6ITB9 8.5e-26 1
B5KL38 8.6e-26 1
C0HK73 9.3e-26 1
P20229 1.3e-25 1
P00992 1.5e-25 1
Q6ITC0 1.5e-25 1
Q29428 2.3e-25 1
A6MGY1 1.8e-25 1
C0HJF3 1.7e-25 1
P0DN19 1.9e-25 1
B5KL35 1.9e-25 1
Q29100 2.7e-25 1
P0DN10 4e-25 1
P00993 3.8e-25 1
P0DN12 5.2e-25 1
Q8T3S7 5e-25 1
E7FL13 5e-25 1
P0DN17 6.5e-25 1
E7FL12 6.6e-25 1
Q6ITB7 7.6e-25 1
P0DL86 7.4e-25 1
B5KL34 8.8e-25 1
C0HJU6 8.3e-25 1
B5KL41 9.3e-25 1
E5AJX3 1.1e-24 1
Q96NZ8 7.7e-18 1
B4ESA3 2e-24 1
H2A0N5 2.4e-13 1
B5L5R4 2.3e-24 1
P0DJ50 3e-24 1
Q28201 4.2e-24 1
P0DN20 3.5e-24 1
Q8AY41 3.9e-24 1
P0DN18 5.8e-24 1
H6VC06 5.9e-24 1
Q8AY43 7.1e-24 1
P81902 8.3e-24 1
O62845 1.1e-23 1
B5KL31 9.7e-24 1
P81547 9.7e-24 1
P81548 1.1e-23 1
B5KL30 1.1e-23 1
P86964 9.7e-13 1
P00990 1.3e-23 1
P79307 2.8e-23 1
P08592 2.8e-23 1
B1B5I8 1.8e-23 1
P53601 2.8e-23 1
P36992 2.3e-16 1
F8J2F6 1.8e-23 1
P05067 3.4e-23 1
P12023 3.9e-23 1
A8Y7P1 2.2e-23 1
P0DMJ2 2.3e-23 1
A8Y7P0 2.7e-23 1
Q2ES50 2.7e-23 1
Q6ITB8 3e-23 1
Q2ES48 3e-23 1
Q60495 6.4e-23 1
A8Y7P2 3.6e-23 1
B4ESA4 4.8e-23 1
A8Y7P5 5.3e-23 1
P0DJ46 8.7e-23 1
F6ULY1 1.1e-22 1
Q29143 1.5e-22 1
P0CY85 1.4e-22 1
P00983 1.5e-22 1
P0DN15 2e-22 1
A8Y7N8 3.6e-22 1
Q90W96 5e-22 1
D8KY58 7.2e-22 1
P16344 1e-21 1
D4A2Z2 9.9e-22 1
P15943 2.8e-21 1
P0DN16 1.3e-21 1
P0DJ49 1.6e-21 1
P82968 2.5e-21 1
P0C5J5 2.4e-18 1
Q90W97 1.2e-20 1
Q9BDL1 1.1e-20 1
D2Y491 1.4e-20 1
O95925 1.3e-20 1
B5KL28 1.8e-20 1
D2Y490 2.3e-20 1
P16044 2.3e-20 1
B2ZBB6 4.1e-20 1
D2Y488 4.9e-20 1
P0DJ77 5.2e-20 1
O95428 4e-20 1
P26227 4.3e-20 1
O93279 1.2e-19 1
P81162 1.1e-19 1
Q1RPS9 1.3e-19 1
Q9D263 2.2e-19 1
D2Y2Q7 6.4e-19 1
P81906 7.8e-19 1
D2Y2G1 8.3e-19 1
P0DJ84 8.3e-19 1
B2ZBC0 2.8e-18 1
D2Y2Q8 2.9e-18 1
Q63870 6.4e-18 1
D2Y2Q5 4e-18 1
B5L5Q6 4.2e-18 1
D2Y2Q1 5.3e-18 1
P0DJ85 7.9e-18 1
P0DJ78 8.5e-18 1
D2Y2F8 1.5e-17 1
D2Y2C2 1.7e-17 1
D2Y2F6 1.9e-17 1
D2Y2F4 2.1e-17 1
P0DJ69 2.5e-17 1
P0DJ74 2.5e-17 1
B2ZBB9 2.7e-17 1
D2Y2F5 2.7e-17 1
P0DJ71 2.7e-17 1
D2Y2Q6 3.8e-17 1
Q2UY09 7.4e-17 1
D2Y2F3 9.6e-17 1
P0DJ65 1.2e-16 1
D2Y2F7 1.5e-16 1
B5L5Q3 4.1e-16 1
P0DJ81 5.3e-16 1
Q8AY45 6.5e-16 1
Q75S50 1.3e-15 1
Q8AY44 1.3e-15 1
D2Y2G2 2.1e-15 1
P0DJ68 2.1e-15 1
Q7Z1K3 5.8e-14 1
B4ESA2 2.2e-14 1
Q75S49 4.5e-14 1
G9I929 2e-13 1
P26226 2e-11 1
P0CH75 1.7e-10 1
Q9BQY6 2.9e-09 1
Q11101 2.5e-08 1
O62247 0.00085 1
D3GGZ8 0.02 1
